Mplus VERSION 7.4
MUTHEN & MUTHEN
02/07/2019   4:40 PM

INPUT INSTRUCTIONS

  TITLE:
    SLOVENIA
    Tree Model
    mplus-tree-mcn-21
    #Parameters:  N = 18182; J = 3; K = 5; P = 3; S = 3;
    Items:        v45 v46 v47
    pseudoitem1:  - 0 1 0 -
    pseudoitem2:  1 0 0 0 1
    pseudoitem3:  0 0 - 1 1
  DATA:
  FILE = "mplus-tree-mcn-01.txt";

  VARIABLE:
   NAMES = m_v45 m_v46 m_v47 e_v45 e_v46 e_v47 t_v45 t_v46 t_v47 rowid v45 v46 v47
           country;
   IDVARIABLE = rowid;
   MISSING=.;
   CATEGORICAL = m_v45 m_v46 m_v47 e_v45 e_v46 e_v47 t_v45 t_v46 t_v47;

   USEVARIABLES = m_v45 m_v46 m_v47 e_v45 e_v46 e_v47 t_v45 t_v46 t_v47;

   !CLASSES ctry (11);
   !KNOWNCLASS = ctry (country = 1 country = 5 country = 7 country = 15 country = 20
   !                   country = 21 country = 22 country = 23 country = 29
   !                   country = 35 country = 37);

   USEOBSERVATIONS = country == 29;

  ANALYSIS:
   !TYPE = MIXTURE;
   ALGORITHM = INTEGRATION EM;
   STARTS = 10 4;
   PROCESSORS = 2;
   ESTIMATOR = MLR;
   INTEGRATION = 15;
   MITERATIONS = 1000;
   !MCONVERGENCE = .01;
   !LOGCRITERION = .01;
   !RLOGCRITERION = .00001;
   LINK = probit;

  MODEL:
   !%OVERALL%
    m BY m_v45@1 m_v46@1 m_v47@1;
    e BY e_v45@1 e_v46@1 e_v47@1;
    t BY t_v45@1 t_v46@1 t_v47@1;

  OUTPUT:
  STDYX TECH1 TECH4 TECH8;
  SAVEDATA:
  !FILE = mplus-tree-mcn-21.fsc;
  !SAVE = FSCORES;



INPUT READING TERMINATED NORMALLY




SLOVENIA
Tree Model
mplus-tree-mcn-21
#Parameters:  N = 18182; J = 3; K = 5; P = 3; S = 3;
Items:        v45 v46 v47
pseudoitem1:  - 0 1 0 -
pseudoitem2:  1 0 0 0 1
pseudoitem3:  0 0 - 1 1

SUMMARY OF ANALYSIS

Number of groups                                                 1
Number of observations                                         463

Number of dependent variables                                    9
Number of independent variables                                  0
Number of continuous latent variables                            3

Observed dependent variables

  Binary and ordered categorical (ordinal)
   M_V45       M_V46       M_V47       E_V45       E_V46       E_V47
   T_V45       T_V46       T_V47

Continuous latent variables
   M           E           T

Variables with special functions

  ID variable           ROWID

Estimator                                                      MLR
Information matrix                                        OBSERVED
Optimization Specifications for the Quasi-Newton Algorithm for
Continuous Outcomes
  Maximum number of iterations                                 100
  Convergence criterion                                  0.100D-05
Optimization Specifications for the EM Algorithm
  Maximum number of iterations                                1000
  Convergence criteria
    Loglikelihood change                                 0.100D-02
    Relative loglikelihood change                        0.100D-05
    Derivative                                           0.100D-02
Optimization Specifications for the M step of the EM Algorithm for
Categorical Latent variables
  Number of M step iterations                                    1
  M step convergence criterion                           0.100D-02
  Basis for M step termination                           ITERATION
Optimization Specifications for the M step of the EM Algorithm for
Censored, Binary or Ordered Categorical (Ordinal), Unordered
Categorical (Nominal) and Count Outcomes
  Number of M step iterations                                    1
  M step convergence criterion                           0.100D-02
  Basis for M step termination                           ITERATION
  Maximum value for logit thresholds                            10
  Minimum value for logit thresholds                           -10
  Minimum expected cell size for chi-square              0.100D-01
Maximum number of iterations for H1                           2000
Convergence criterion for H1                             0.100D-03
Optimization algorithm                                          EM
Integration Specifications
  Type                                                    STANDARD
  Number of integration points                                  15
  Dimensions of numerical integration                            3
  Adaptive quadrature                                           ON
Random Starts Specifications
  Number of initial stage random starts                         10
  Number of final stage optimizations                            4
  Number of initial stage iterations                            10
  Initial stage convergence criterion                    0.100D+01
  Random starts scale                                    0.500D+01
  Random seed for generating random starts                       0
Link                                                        PROBIT
Cholesky                                                        ON

Input data file(s)
  mplus-tree-mcn-01.txt
Input data format  FREE


SUMMARY OF DATA

     Number of missing data patterns            27
     Number of y missing data patterns           0
     Number of u missing data patterns          27


COVARIANCE COVERAGE OF DATA

Minimum covariance coverage value   0.100


     PROPORTION OF DATA PRESENT FOR U


           Covariance Coverage
              M_V45         M_V46         M_V47         E_V45         E_V46
              ________      ________      ________      ________      ________
 M_V45          0.827
 M_V46          0.691         0.747
 M_V47          0.603         0.553         0.693
 E_V45          0.827         0.747         0.693         1.000
 E_V46          0.827         0.747         0.693         1.000         1.000
 E_V47          0.827         0.747         0.693         1.000         1.000
 T_V45          0.542         0.497         0.490         0.715         0.715
 T_V46          0.646         0.546         0.566         0.799         0.799
 T_V47          0.607         0.544         0.438         0.745         0.745


           Covariance Coverage
              E_V47         T_V45         T_V46         T_V47
              ________      ________      ________      ________
 E_V47          1.000
 T_V45          0.715         0.715
 T_V46          0.799         0.609         0.799
 T_V47          0.745         0.540         0.572         0.745


UNIVARIATE PROPORTIONS AND COUNTS FOR CATEGORICAL VARIABLES

    M_V45
      Category 1    0.655          251.000
      Category 2    0.345          132.000
    M_V46
      Category 1    0.731          253.000
      Category 2    0.269           93.000
    M_V47
      Category 1    0.632          203.000
      Category 2    0.368          118.000
    E_V45
      Category 1    0.827          383.000
      Category 2    0.173           80.000
    E_V46
      Category 1    0.747          346.000
      Category 2    0.253          117.000
    E_V47
      Category 1    0.693          321.000
      Category 2    0.307          142.000
    T_V45
      Category 1    0.215           71.000
      Category 2    0.785          260.000
    T_V46
      Category 1    0.081           30.000
      Category 2    0.919          340.000
    T_V47
      Category 1    0.620          214.000
      Category 2    0.380          131.000


RANDOM STARTS RESULTS RANKED FROM THE BEST TO THE WORST LOGLIKELIHOOD VALUES

Final stage loglikelihood values at local maxima, seeds, and initial stage start numbers:

           -1842.109  195873           6
           -1842.129  939021           8
           -1842.144  93468            3
           -1842.169  unperturbed      0



THE MODEL ESTIMATION TERMINATED NORMALLY



MODEL FIT INFORMATION

Number of Free Parameters                       15

Loglikelihood

          H0 Value                       -1842.109
          H0 Scaling Correction Factor      0.9585
            for MLR

Information Criteria

          Akaike (AIC)                    3714.218
          Bayesian (BIC)                  3776.284
          Sample-Size Adjusted BIC        3728.678
            (n* = (n + 2) / 24)

Chi-Square Test of Model Fit for the Binary and Ordered Categorical
(Ordinal) Outcomes**

          Pearson Chi-Square

          Value                              0.000
          Degrees of Freedom                   491
          P-Value                           1.0000

          Likelihood Ratio Chi-Square

          Value                            202.109
          Degrees of Freedom                   491
          P-Value                           1.0000

** Of the 4096 cells in the frequency table, 5
   were deleted in the calculation of chi-square due to extreme values.

Chi-Square Test for MCAR under the Unrestricted Latent Class Indicator Model

          Pearson Chi-Square

          Value                           5442.710
          Degrees of Freedom                  3558
          P-Value                           0.0000

          Likelihood Ratio Chi-Square

          Value                           2633.526
          Degrees of Freedom                  3558
          P-Value                           1.0000



MODEL RESULTS

                                                    Two-Tailed
                    Estimate       S.E.  Est./S.E.    P-Value

 M        BY
    M_V45              1.000      0.000    999.000    999.000
    M_V46              1.000      0.000    999.000    999.000
    M_V47              1.000      0.000    999.000    999.000

 E        BY
    E_V45              1.000      0.000    999.000    999.000
    E_V46              1.000      0.000    999.000    999.000
    E_V47              1.000      0.000    999.000    999.000

 T        BY
    T_V45              1.000      0.000    999.000    999.000
    T_V46              1.000      0.000    999.000    999.000
    T_V47              1.000      0.000    999.000    999.000

 E        WITH
    M                  0.056      0.076      0.747      0.455

 T        WITH
    M                 -0.353      0.102     -3.466      0.001
    E                  0.177      0.112      1.589      0.112

 Thresholds
    M_V45$1            0.407      0.071      5.722      0.000
    M_V46$1            0.661      0.081      8.129      0.000
    M_V47$1            0.301      0.079      3.836      0.000
    E_V45$1            1.258      0.100     12.527      0.000
    E_V46$1            0.886      0.091      9.706      0.000
    E_V47$1            0.664      0.086      7.685      0.000
    T_V45$1           -1.052      0.144     -7.327      0.000
    T_V46$1           -2.054      0.172    -11.916      0.000
    T_V47$1            0.524      0.114      4.587      0.000

 Variances
    M                  0.094      0.046      2.033      0.042
    E                  0.755      0.150      5.041      0.000
    T                  1.600      0.419      3.815      0.000


STANDARDIZED MODEL RESULTS


STDYX Standardization

                                                    Two-Tailed
                    Estimate       S.E.  Est./S.E.    P-Value

 M        BY
    M_V45              0.294      0.066      4.449      0.000
    M_V46              0.294      0.066      4.449      0.000
    M_V47              0.294      0.066      4.449      0.000

 E        BY
    E_V45              0.656      0.037     17.697      0.000
    E_V46              0.656      0.037     17.697      0.000
    E_V47              0.656      0.037     17.697      0.000

 T        BY
    T_V45              0.784      0.040     19.841      0.000
    T_V46              0.784      0.040     19.841      0.000
    T_V47              0.784      0.040     19.841      0.000

 E        WITH
    M                  0.211      0.284      0.744      0.457

 T        WITH
    M                 -0.908      0.143     -6.363      0.000
    E                  0.161      0.100      1.606      0.108

 Thresholds
    M_V45$1            0.389      0.068      5.751      0.000
    M_V46$1            0.631      0.076      8.287      0.000
    M_V47$1            0.288      0.075      3.844      0.000
    E_V45$1            0.950      0.069     13.738      0.000
    E_V46$1            0.669      0.064     10.535      0.000
    E_V47$1            0.501      0.061      8.274      0.000
    T_V45$1           -0.653      0.076     -8.576      0.000
    T_V46$1           -1.274      0.094    -13.542      0.000
    T_V47$1            0.325      0.068      4.815      0.000

 Variances
    M                  1.000      0.000    999.000    999.000
    E                  1.000      0.000    999.000    999.000
    T                  1.000      0.000    999.000    999.000


R-SQUARE

    Observed                                        Two-Tailed
    Variable        Estimate       S.E.  Est./S.E.    P-Value

    M_V45              0.086      0.039      2.224      0.026
    M_V46              0.086      0.039      2.224      0.026
    M_V47              0.086      0.039      2.224      0.026
    E_V45              0.430      0.049      8.848      0.000
    E_V46              0.430      0.049      8.848      0.000
    E_V47              0.430      0.049      8.848      0.000
    T_V45              0.615      0.062      9.920      0.000
    T_V46              0.615      0.062      9.920      0.000
    T_V47              0.615      0.062      9.920      0.000


QUALITY OF NUMERICAL RESULTS

     Condition Number for the Information Matrix              0.447E-03
       (ratio of smallest to largest eigenvalue)


TECHNICAL 1 OUTPUT


     PARAMETER SPECIFICATION


           TAU
              M_V45$1       M_V46$1       M_V47$1       E_V45$1       E_V46$1
              ________      ________      ________      ________      ________
 1                  7             8             9            10            11


           TAU
              E_V47$1       T_V45$1       T_V46$1       T_V47$1
              ________      ________      ________      ________
 1                 12            13            14            15


           NU
              M_V45         M_V46         M_V47         E_V45         E_V46
              ________      ________      ________      ________      ________
 1                  0             0             0             0             0


           NU
              E_V47         T_V45         T_V46         T_V47
              ________      ________      ________      ________
 1                  0             0             0             0


           LAMBDA
              M             E             T
              ________      ________      ________
 M_V45              0             0             0
 M_V46              0             0             0
 M_V47              0             0             0
 E_V45              0             0             0
 E_V46              0             0             0
 E_V47              0             0             0
 T_V45              0             0             0
 T_V46              0             0             0
 T_V47              0             0             0


           THETA
              M_V45         M_V46         M_V47         E_V45         E_V46
              ________      ________      ________      ________      ________
 M_V45              0
 M_V46              0             0
 M_V47              0             0             0
 E_V45              0             0             0             0
 E_V46              0             0             0             0             0
 E_V47              0             0             0             0             0
 T_V45              0             0             0             0             0
 T_V46              0             0             0             0             0
 T_V47              0             0             0             0             0


           THETA
              E_V47         T_V45         T_V46         T_V47
              ________      ________      ________      ________
 E_V47              0
 T_V45              0             0
 T_V46              0             0             0
 T_V47              0             0             0             0


           ALPHA
              M             E             T
              ________      ________      ________
 1                  0             0             0


           BETA
              M             E             T
              ________      ________      ________
 M                  0             0             0
 E                  0             0             0
 T                  0             0             0


           PSI
              M             E             T
              ________      ________      ________
 M                  1
 E                  2             3
 T                  4             5             6


     STARTING VALUES


           TAU
              M_V45$1       M_V46$1       M_V47$1       E_V45$1       E_V46$1
              ________      ________      ________      ________      ________
 1              0.357         0.556         0.301         0.870         0.602


           TAU
              E_V47$1       T_V45$1       T_V46$1       T_V47$1
              ________      ________      ________      ________
 1              0.453        -0.721        -1.349         0.273


           NU
              M_V45         M_V46         M_V47         E_V45         E_V46
              ________      ________      ________      ________      ________
 1              0.000         0.000         0.000         0.000         0.000


           NU
              E_V47         T_V45         T_V46         T_V47
              ________      ________      ________      ________
 1              0.000         0.000         0.000         0.000


           LAMBDA
              M             E             T
              ________      ________      ________
 M_V45          1.000         0.000         0.000
 M_V46          1.000         0.000         0.000
 M_V47          1.000         0.000         0.000
 E_V45          0.000         1.000         0.000
 E_V46          0.000         1.000         0.000
 E_V47          0.000         1.000         0.000
 T_V45          0.000         0.000         1.000
 T_V46          0.000         0.000         1.000
 T_V47          0.000         0.000         1.000


           THETA
              M_V45         M_V46         M_V47         E_V45         E_V46
              ________      ________      ________      ________      ________
 M_V45          1.000
 M_V46          0.000         1.000
 M_V47          0.000         0.000         1.000
 E_V45          0.000         0.000         0.000         1.000
 E_V46          0.000         0.000         0.000         0.000         1.000
 E_V47          0.000         0.000         0.000         0.000         0.000
 T_V45          0.000         0.000         0.000         0.000         0.000
 T_V46          0.000         0.000         0.000         0.000         0.000
 T_V47          0.000         0.000         0.000         0.000         0.000


           THETA
              E_V47         T_V45         T_V46         T_V47
              ________      ________      ________      ________
 E_V47          1.000
 T_V45          0.000         1.000
 T_V46          0.000         0.000         1.000
 T_V47          0.000         0.000         0.000         1.000


           ALPHA
              M             E             T
              ________      ________      ________
 1              0.000         0.000         0.000


           BETA
              M             E             T
              ________      ________      ________
 M              0.000         0.000         0.000
 E              0.000         0.000         0.000
 T              0.000         0.000         0.000


           PSI
              M             E             T
              ________      ________      ________
 M              0.050
 E              0.000         0.050
 T              0.000         0.000         0.050


TECHNICAL 4 OUTPUT


     ESTIMATES DERIVED FROM THE MODEL


           ESTIMATED MEANS FOR THE LATENT VARIABLES
              M             E             T
              ________      ________      ________
 1              0.000         0.000         0.000


           S.E. FOR ESTIMATED MEANS FOR THE LATENT VARIABLES
              M             E             T
              ________      ________      ________
 1              0.000         0.000         0.000


           EST./S.E. FOR ESTIMATED MEANS FOR THE LATENT VARIABLES
              M             E             T
              ________      ________      ________
 1              0.000         0.000         0.000


           TWO-TAILED P-VALUE FOR ESTIMATED MEANS FOR THE LATENT VARIABLES
              M             E             T
              ________      ________      ________
 1              1.000         1.000         1.000


           ESTIMATED COVARIANCE MATRIX FOR THE LATENT VARIABLES
              M             E             T
              ________      ________      ________
 M              0.094
 E              0.056         0.755
 T             -0.353         0.177         1.600


           S.E. FOR ESTIMATED COVARIANCE MATRIX FOR THE LATENT VARIABLES
              M             E             T
              ________      ________      ________
 M              0.046
 E              0.076         0.150
 T              0.102         0.112         0.419


           EST./S.E. FOR ESTIMATED COVARIANCE MATRIX FOR THE LATENT VARIABLES
              M             E             T
              ________      ________      ________
 M              2.033
 E              0.747         5.041
 T             -3.466         1.589         3.815


           TWO-TAILED P-VALUE FOR ESTIMATED COVARIANCE MATRIX FOR THE LATENT VARIABLES
              M             E             T
              ________      ________      ________
 M              0.042
 E              0.455         0.000
 T              0.001         0.112         0.000


           ESTIMATED CORRELATION MATRIX FOR THE LATENT VARIABLES
              M             E             T
              ________      ________      ________
 M              1.000
 E              0.211         1.000
 T             -0.908         0.161         1.000


           S.E. FOR ESTIMATED CORRELATION MATRIX FOR THE LATENT VARIABLES
              M             E             T
              ________      ________      ________
 M              0.000
 E              0.284         0.000
 T              0.143         0.100         0.000


           EST./S.E. FOR ESTIMATED CORRELATION MATRIX FOR THE LATENT VARIABLES
              M             E             T
              ________      ________      ________
 M            999.000
 E              0.744       999.000
 T             -6.363         1.606       999.000


           TWO-TAILED P-VALUE FOR ESTIMATED CORRELATION MATRIX FOR THE LATENT VARIABLES
              M             E             T
              ________      ________      ________
 M              0.000
 E              0.457         0.000
 T              0.000         0.108         0.000


TECHNICAL 8 OUTPUT


  INITIAL STAGE ITERATIONS


  TECHNICAL 8 OUTPUT FOR UNPERTURBED STARTING VALUE SET


   E STEP  ITER  LOGLIKELIHOOD    ABS CHANGE   REL CHANGE  ALGORITHM
              1 -0.19147042D+04    0.0000000    0.0000000  EM
              2 -0.18990258D+04   15.6783392    0.0081884  EM
              3 -0.18841980D+04   14.8278357    0.0078081  EM
              4 -0.18702383D+04   13.9597494    0.0074089  EM
              5 -0.18599091D+04   10.3291518    0.0055229  EM
              6 -0.18533295D+04    6.5796362    0.0035376  EM
              7 -0.18494446D+04    3.8848318    0.0020961  EM
              8 -0.18472168D+04    2.2278138    0.0012046  EM
              9 -0.18459367D+04    1.2800856    0.0006930  EM
             10 -0.18451817D+04    0.7550847    0.0004091  EM


  TECHNICAL 8 OUTPUT FOR STARTING VALUE SET 1


   E STEP  ITER  LOGLIKELIHOOD    ABS CHANGE   REL CHANGE  ALGORITHM
              1 -0.30480955D+04    0.0000000    0.0000000  EM
              2 -0.20454020D+04 1002.6934947    0.3289574  EM
              3 -0.19197395D+04  125.6625053    0.0614366  EM
              4 -0.18726810D+04   47.0584498    0.0245129  EM
              5 -0.18569766D+04   15.7043954    0.0083860  EM
              6 -0.18522187D+04    4.7579157    0.0025622  EM
              7 -0.18508343D+04    1.3844474    0.0007475  EM
              8 -0.18504243D+04    0.4099610    0.0002215  EM


  TECHNICAL 8 OUTPUT FOR STARTING VALUE SET 2


   E STEP  ITER  LOGLIKELIHOOD    ABS CHANGE   REL CHANGE  ALGORITHM
              1 -0.33005802D+04    0.0000000    0.0000000  EM
              2 -0.22973962D+04 1003.1839305    0.3039417  EM
              3 -0.20180459D+04  279.3503593    0.1215943  EM
              4 -0.19236514D+04   94.3944610    0.0467752  EM
              5 -0.18846632D+04   38.9881951    0.0202678  EM
              6 -0.18669591D+04   17.7041258    0.0093938  EM
              7 -0.18590512D+04    7.9078691    0.0042357  EM
              8 -0.18555041D+04    3.5471169    0.0019080  EM
              9 -0.18537947D+04    1.7093791    0.0009212  EM
             10 -0.18528621D+04    0.9325827    0.0005031  EM


  TECHNICAL 8 OUTPUT FOR STARTING VALUE SET 3


   E STEP  ITER  LOGLIKELIHOOD    ABS CHANGE   REL CHANGE  ALGORITHM
              1 -0.29548524D+04    0.0000000    0.0000000  EM
              2 -0.20886218D+04  866.2305900    0.2931553  EM
              3 -0.19607586D+04  127.8631684    0.0612189  EM
              4 -0.18977859D+04   62.9726755    0.0321165  EM
              5 -0.18669638D+04   30.8221529    0.0162411  EM
              6 -0.18535913D+04   13.3724639    0.0071627  EM
              7 -0.18481841D+04    5.4072518    0.0029172  EM
              8 -0.18460037D+04    2.1803261    0.0011797  EM
              9 -0.18450716D+04    0.9321046    0.0005049  EM


  TECHNICAL 8 OUTPUT FOR STARTING VALUE SET 4


   E STEP  ITER  LOGLIKELIHOOD    ABS CHANGE   REL CHANGE  ALGORITHM
              1 -0.32165361D+04    0.0000000    0.0000000  EM
              2 -0.21926936D+04 1023.8424236    0.3183059  EM
              3 -0.19849378D+04  207.7558662    0.0947492  EM
              4 -0.19119387D+04   72.9990212    0.0367765  EM
              5 -0.18819150D+04   30.0237356    0.0157033  EM
              6 -0.18679009D+04   14.0140797    0.0074467  EM
              7 -0.18610096D+04    6.8913758    0.0036894  EM
              8 -0.18574277D+04    3.5818924    0.0019247  EM
              9 -0.18554027D+04    2.0249312    0.0010902  EM
             10 -0.18541470D+04    1.2557570    0.0006768  EM


  TECHNICAL 8 OUTPUT FOR STARTING VALUE SET 5


   E STEP  ITER  LOGLIKELIHOOD    ABS CHANGE   REL CHANGE  ALGORITHM
              1 -0.33028972D+04    0.0000000    0.0000000  EM
              2 -0.21231299D+04 1179.7673288    0.3571917  EM
              3 -0.19427368D+04  180.3931141    0.0849657  EM
              4 -0.18920145D+04   50.7222724    0.0261087  EM
              5 -0.18679543D+04   24.0602092    0.0127167  EM
              6 -0.18563129D+04   11.6413799    0.0062322  EM
              7 -0.18509915D+04    5.3214219    0.0028667  EM
              8 -0.18485715D+04    2.4200106    0.0013074  EM
              9 -0.18473771D+04    1.1943387    0.0006461  EM
             10 -0.18466903D+04    0.6868533    0.0003718  EM


  FINAL STAGE ITERATIONS


  TECHNICAL 8 OUTPUT FOR STARTING VALUE SET 3




   E STEP  ITER  LOGLIKELIHOOD    ABS CHANGE   REL CHANGE  ALGORITHM
              1 -0.29548524D+04    0.0000000    0.0000000  EM
              2 -0.20886218D+04  866.2305900    0.2931553  EM
              3 -0.19607586D+04  127.8631684    0.0612189  EM
              4 -0.18977859D+04   62.9726755    0.0321165  EM
              5 -0.18669638D+04   30.8221529    0.0162411  EM
              6 -0.18535913D+04   13.3724639    0.0071627  EM
              7 -0.18481841D+04    5.4072518    0.0029172  EM
              8 -0.18460037D+04    2.1803261    0.0011797  EM
              9 -0.18450716D+04    0.9321046    0.0005049  EM
             10 -0.18446285D+04    0.4431698    0.0002402  EM
             11 -0.18443869D+04    0.2415236    0.0001309  EM
             12 -0.18442346D+04    0.1522910    0.0000826  EM
             13 -0.18441249D+04    0.1097596    0.0000595  EM
             14 -0.18440369D+04    0.0879584    0.0000477  EM
             15 -0.18439610D+04    0.0759360    0.0000412  EM
             16 -0.18438922D+04    0.0687491    0.0000373  EM
             17 -0.18438282D+04    0.0640327    0.0000347  EM
             18 -0.18437676D+04    0.0606260    0.0000329  EM
             19 -0.18437097D+04    0.0579247    0.0000314  EM
             20 -0.18436540D+04    0.0556228    0.0000302  EM
             21 -0.18436005D+04    0.0535528    0.0000290  EM
             22 -0.18435489D+04    0.0516308    0.0000280  EM
             23 -0.18434990D+04    0.0498118    0.0000270  EM
             24 -0.18434510D+04    0.0480680    0.0000261  EM
             25 -0.18434046D+04    0.0463884    0.0000252  EM
             26 -0.18433598D+04    0.0447645    0.0000243  EM
             27 -0.18433166D+04    0.0431912    0.0000234  EM
             28 -0.18432750D+04    0.0416692    0.0000226  EM
             29 -0.18432348D+04    0.0401951    0.0000218  EM
             30 -0.18431960D+04    0.0387661    0.0000210  EM
             31 -0.18431586D+04    0.0373858    0.0000203  EM
             32 -0.18431226D+04    0.0360486    0.0000196  EM
             33 -0.18430878D+04    0.0347561    0.0000189  EM
             34 -0.18430543D+04    0.0335063    0.0000182  EM
             35 -0.18430220D+04    0.0323004    0.0000175  EM
             36 -0.18429909D+04    0.0311365    0.0000169  EM
             37 -0.18429609D+04    0.0300124    0.0000163  EM
             38 -0.18429319D+04    0.0289286    0.0000157  EM
             39 -0.18429040D+04    0.0278828    0.0000151  EM
             40 -0.18428772D+04    0.0268740    0.0000146  EM
             41 -0.18428513D+04    0.0259007    0.0000141  EM
             42 -0.18428263D+04    0.0249642    0.0000135  EM
             43 -0.18428022D+04    0.0240613    0.0000131  EM
             44 -0.18427790D+04    0.0231915    0.0000126  EM
             45 -0.18427567D+04    0.0223542    0.0000121  EM
             46 -0.18427351D+04    0.0215458    0.0000117  EM
             47 -0.18427144D+04    0.0207688    0.0000113  EM
             48 -0.18426944D+04    0.0200212    0.0000109  EM
             49 -0.18426751D+04    0.0193008    0.0000105  EM
             50 -0.18426565D+04    0.0186060    0.0000101  EM
             51 -0.18426385D+04    0.0179403    0.0000097  EM
             52 -0.18426212D+04    0.0172983    0.0000094  EM
             53 -0.18426045D+04    0.0166799    0.0000091  EM
             54 -0.18425884D+04    0.0160844    0.0000087  EM
             55 -0.18425729D+04    0.0155110    0.0000084  EM
             56 -0.18425580D+04    0.0149571    0.0000081  EM
             57 -0.18425436D+04    0.0144302    0.0000078  EM
             58 -0.18425296D+04    0.0139196    0.0000076  EM
             59 -0.18425162D+04    0.0134282    0.0000073  EM
             60 -0.18425032D+04    0.0129564    0.0000070  EM
             61 -0.18424907D+04    0.0125006    0.0000068  EM
             62 -0.18424787D+04    0.0120623    0.0000065  EM
             63 -0.18424670D+04    0.0116409    0.0000063  EM
             64 -0.18424558D+04    0.0112359    0.0000061  EM
             65 -0.18424450D+04    0.0108456    0.0000059  EM
             66 -0.18424345D+04    0.0104691    0.0000057  EM
             67 -0.18424244D+04    0.0101066    0.0000055  EM
             68 -0.18424146D+04    0.0097587    0.0000053  EM
             69 -0.18424052D+04    0.0094241    0.0000051  EM
             70 -0.18423961D+04    0.0091015    0.0000049  EM
             71 -0.18423873D+04    0.0087905    0.0000048  EM
             72 -0.18423788D+04    0.0084915    0.0000046  EM
             73 -0.18423706D+04    0.0082034    0.0000045  EM
             74 -0.18423627D+04    0.0079254    0.0000043  EM
             75 -0.18423550D+04    0.0076587    0.0000042  EM
             76 -0.18423476D+04    0.0074023    0.0000040  EM
             77 -0.18423405D+04    0.0071537    0.0000039  EM
             78 -0.18423336D+04    0.0069131    0.0000038  EM
             79 -0.18423269D+04    0.0066853    0.0000036  EM
             80 -0.18423204D+04    0.0064632    0.0000035  EM
             81 -0.18423142D+04    0.0062503    0.0000034  EM
             82 -0.18423081D+04    0.0060439    0.0000033  EM
             83 -0.18423023D+04    0.0058472    0.0000032  EM
             84 -0.18422966D+04    0.0056560    0.0000031  EM
             85 -0.18422911D+04    0.0054713    0.0000030  EM
             86 -0.18422859D+04    0.0052928    0.0000029  EM
             87 -0.18422807D+04    0.0051232    0.0000028  EM
             88 -0.18422758D+04    0.0049573    0.0000027  EM
             89 -0.18422710D+04    0.0047997    0.0000026  EM
             90 -0.18422663D+04    0.0046455    0.0000025  EM
             91 -0.18422618D+04    0.0044974    0.0000024  EM
             92 -0.18422575D+04    0.0043558    0.0000024  EM
             93 -0.18422533D+04    0.0042179    0.0000023  EM
             94 -0.18422492D+04    0.0040872    0.0000022  EM
             95 -0.18422452D+04    0.0039579    0.0000021  EM
             96 -0.18422414D+04    0.0038345    0.0000021  EM
             97 -0.18422377D+04    0.0037156    0.0000020  EM
             98 -0.18422341D+04    0.0036002    0.0000020  EM
             99 -0.18422306D+04    0.0034898    0.0000019  EM
            100 -0.18422272D+04    0.0033830    0.0000018  EM
            101 -0.18422239D+04    0.0032799    0.0000018  EM
            102 -0.18422207D+04    0.0031802    0.0000017  EM
            103 -0.18422176D+04    0.0030845    0.0000017  EM
            104 -0.18422147D+04    0.0029916    0.0000016  EM
            105 -0.18422118D+04    0.0029015    0.0000016  EM
            106 -0.18422089D+04    0.0028149    0.0000015  EM
            107 -0.18422062D+04    0.0027317    0.0000015  EM
            108 -0.18422036D+04    0.0026511    0.0000014  EM
            109 -0.18422010D+04    0.0025733    0.0000014  EM
            110 -0.18421985D+04    0.0024984    0.0000014  EM
            111 -0.18421961D+04    0.0024259    0.0000013  EM
            112 -0.18421937D+04    0.0023548    0.0000013  EM
            113 -0.18421914D+04    0.0022871    0.0000012  EM
            114 -0.18421892D+04    0.0022218    0.0000012  EM
            115 -0.18421870D+04    0.0021583    0.0000012  EM
            116 -0.18421849D+04    0.0020960    0.0000011  EM
            117 -0.18421829D+04    0.0020382    0.0000011  EM
            118 -0.18421809D+04    0.0019809    0.0000011  EM
            119 -0.18421790D+04    0.0019255    0.0000010  EM
            120 -0.18421771D+04    0.0018663    0.0000010  EM
            121 -0.18421753D+04    0.0018198    0.0000010  EM
            122 -0.18421735D+04    0.0017703    0.0000010  EM
            123 -0.18421718D+04    0.0017220    0.0000009  EM
            124 -0.18421701D+04    0.0016751    0.0000009  EM
            125 -0.18421685D+04    0.0016297    0.0000009  EM
            126 -0.18421669D+04    0.0015854    0.0000009  EM
            127 -0.18421654D+04    0.0015436    0.0000008  EM
            128 -0.18421639D+04    0.0015026    0.0000008  EM
            129 -0.18421624D+04    0.0014654    0.0000008  EM
            130 -0.18421610D+04    0.0014247    0.0000008  EM
            131 -0.18421596D+04    0.0013875    0.0000008  EM
            132 -0.18421582D+04    0.0013515    0.0000007  EM
            133 -0.18421569D+04    0.0013167    0.0000007  EM
            134 -0.18421556D+04    0.0012825    0.0000007  EM
            135 -0.18421544D+04    0.0012501    0.0000007  EM
            136 -0.18421532D+04    0.0012186    0.0000007  EM
            137 -0.18421520D+04    0.0011878    0.0000006  EM
            138 -0.18421508D+04    0.0011581    0.0000006  EM
            139 -0.18421497D+04    0.0011298    0.0000006  EM
            140 -0.18421486D+04    0.0011018    0.0000006  EM
            141 -0.18421475D+04    0.0010749    0.0000006  EM
            142 -0.18421465D+04    0.0010487    0.0000006  EM
            143 -0.18421455D+04    0.0010237    0.0000006  EM
            144 -0.18421445D+04    0.0009986    0.0000005  EM


  TECHNICAL 8 OUTPUT FOR UNPERTURBED STARTING VALUE SET




   E STEP  ITER  LOGLIKELIHOOD    ABS CHANGE   REL CHANGE  ALGORITHM
              1 -0.19147042D+04    0.0000000    0.0000000  EM
              2 -0.18990258D+04   15.6783392    0.0081884  EM
              3 -0.18841980D+04   14.8278357    0.0078081  EM
              4 -0.18702383D+04   13.9597494    0.0074089  EM
              5 -0.18599091D+04   10.3291518    0.0055229  EM
              6 -0.18533295D+04    6.5796362    0.0035376  EM
              7 -0.18494446D+04    3.8848318    0.0020961  EM
              8 -0.18472168D+04    2.2278138    0.0012046  EM
              9 -0.18459367D+04    1.2800856    0.0006930  EM
             10 -0.18451817D+04    0.7550847    0.0004091  EM
             11 -0.18447148D+04    0.4668380    0.0002530  EM
             12 -0.18444074D+04    0.3074332    0.0001667  EM
             13 -0.18441899D+04    0.2174427    0.0001179  EM
             14 -0.18440250D+04    0.1648940    0.0000894  EM
             15 -0.18438923D+04    0.1327523    0.0000720  EM
             16 -0.18437804D+04    0.1119042    0.0000607  EM
             17 -0.18436829D+04    0.0974936    0.0000529  EM
             18 -0.18435960D+04    0.0868688    0.0000471  EM
             19 -0.18435175D+04    0.0785701    0.0000426  EM
             20 -0.18434457D+04    0.0717790    0.0000389  EM
             21 -0.18433797D+04    0.0660270    0.0000358  EM
             22 -0.18433186D+04    0.0610271    0.0000331  EM
             23 -0.18432620D+04    0.0566030    0.0000307  EM
             24 -0.18432094D+04    0.0526511    0.0000286  EM
             25 -0.18431603D+04    0.0490841    0.0000266  EM
             26 -0.18431144D+04    0.0458436    0.0000249  EM
             27 -0.18430716D+04    0.0428902    0.0000233  EM
             28 -0.18430314D+04    0.0401889    0.0000218  EM
             29 -0.18429937D+04    0.0377113    0.0000205  EM
             30 -0.18429582D+04    0.0354350    0.0000192  EM
             31 -0.18429249D+04    0.0333379    0.0000181  EM
             32 -0.18428935D+04    0.0314035    0.0000170  EM
             33 -0.18428639D+04    0.0296157    0.0000161  EM
             34 -0.18428359D+04    0.0279610    0.0000152  EM
             35 -0.18428095D+04    0.0264271    0.0000143  EM
             36 -0.18427845D+04    0.0250056    0.0000136  EM
             37 -0.18427608D+04    0.0236834    0.0000129  EM
             38 -0.18427383D+04    0.0224542    0.0000122  EM
             39 -0.18427170D+04    0.0213088    0.0000116  EM
             40 -0.18426968D+04    0.0202415    0.0000110  EM
             41 -0.18426775D+04    0.0192440    0.0000104  EM
             42 -0.18426592D+04    0.0183120    0.0000099  EM
             43 -0.18426418D+04    0.0174433    0.0000095  EM
             44 -0.18426252D+04    0.0166234    0.0000090  EM
             45 -0.18426093D+04    0.0158583    0.0000086  EM
             46 -0.18425942D+04    0.0151388    0.0000082  EM
             47 -0.18425797D+04    0.0144638    0.0000078  EM
             48 -0.18425659D+04    0.0138292    0.0000075  EM
             49 -0.18425526D+04    0.0132315    0.0000072  EM
             50 -0.18425400D+04    0.0126625    0.0000069  EM
             51 -0.18425278D+04    0.0121423    0.0000066  EM
             52 -0.18425162D+04    0.0116369    0.0000063  EM
             53 -0.18425050D+04    0.0111645    0.0000061  EM
             54 -0.18424943D+04    0.0107174    0.0000058  EM
             55 -0.18424840D+04    0.0102943    0.0000056  EM
             56 -0.18424741D+04    0.0098948    0.0000054  EM
             57 -0.18424646D+04    0.0095134    0.0000052  EM
             58 -0.18424555D+04    0.0091540    0.0000050  EM
             59 -0.18424466D+04    0.0088135    0.0000048  EM
             60 -0.18424382D+04    0.0084896    0.0000046  EM
             61 -0.18424300D+04    0.0081816    0.0000044  EM
             62 -0.18424221D+04    0.0078893    0.0000043  EM
             63 -0.18424145D+04    0.0076105    0.0000041  EM
             64 -0.18424071D+04    0.0073453    0.0000040  EM
             65 -0.18424000D+04    0.0070928    0.0000038  EM
             66 -0.18423932D+04    0.0068526    0.0000037  EM
             67 -0.18423866D+04    0.0066228    0.0000036  EM
             68 -0.18423802D+04    0.0064032    0.0000035  EM
             69 -0.18423740D+04    0.0061939    0.0000034  EM
             70 -0.18423680D+04    0.0059943    0.0000033  EM
             71 -0.18423622D+04    0.0058033    0.0000031  EM
             72 -0.18423565D+04    0.0056205    0.0000031  EM
             73 -0.18423511D+04    0.0054455    0.0000030  EM
             74 -0.18423458D+04    0.0052790    0.0000029  EM
             75 -0.18423407D+04    0.0051180    0.0000028  EM
             76 -0.18423357D+04    0.0049638    0.0000027  EM
             77 -0.18423309D+04    0.0048172    0.0000026  EM
             78 -0.18423262D+04    0.0046754    0.0000025  EM
             79 -0.18423217D+04    0.0045399    0.0000025  EM
             80 -0.18423173D+04    0.0044095    0.0000024  EM
             81 -0.18423130D+04    0.0042845    0.0000023  EM
             82 -0.18423088D+04    0.0041641    0.0000023  EM
             83 -0.18423048D+04    0.0040486    0.0000022  EM
             84 -0.18423009D+04    0.0039372    0.0000021  EM
             85 -0.18422970D+04    0.0038304    0.0000021  EM
             86 -0.18422933D+04    0.0037275    0.0000020  EM
             87 -0.18422897D+04    0.0036284    0.0000020  EM
             88 -0.18422861D+04    0.0035324    0.0000019  EM
             89 -0.18422827D+04    0.0034397    0.0000019  EM
             90 -0.18422793D+04    0.0033521    0.0000018  EM
             91 -0.18422761D+04    0.0032664    0.0000018  EM
             92 -0.18422729D+04    0.0031841    0.0000017  EM
             93 -0.18422698D+04    0.0031042    0.0000017  EM
             94 -0.18422668D+04    0.0030273    0.0000016  EM
             95 -0.18422638D+04    0.0029533    0.0000016  EM
             96 -0.18422609D+04    0.0028810    0.0000016  EM
             97 -0.18422581D+04    0.0028118    0.0000015  EM
             98 -0.18422554D+04    0.0027448    0.0000015  EM
             99 -0.18422527D+04    0.0026801    0.0000015  EM
            100 -0.18422501D+04    0.0026172    0.0000014  EM
            101 -0.18422475D+04    0.0025564    0.0000014  EM
            102 -0.18422450D+04    0.0024977    0.0000014  EM
            103 -0.18422426D+04    0.0024410    0.0000013  EM
            104 -0.18422402D+04    0.0023859    0.0000013  EM
            105 -0.18422379D+04    0.0023326    0.0000013  EM
            106 -0.18422356D+04    0.0022812    0.0000012  EM
            107 -0.18422334D+04    0.0022309    0.0000012  EM
            108 -0.18422312D+04    0.0021824    0.0000012  EM
            109 -0.18422290D+04    0.0021354    0.0000012  EM
            110 -0.18422269D+04    0.0020897    0.0000011  EM
            111 -0.18422249D+04    0.0020447    0.0000011  EM
            112 -0.18422229D+04    0.0020023    0.0000011  EM
            113 -0.18422209D+04    0.0019609    0.0000011  EM
            114 -0.18422190D+04    0.0019198    0.0000010  EM
            115 -0.18422171D+04    0.0018813    0.0000010  EM
            116 -0.18422153D+04    0.0018424    0.0000010  EM
            117 -0.18422135D+04    0.0018051    0.0000010  EM
            118 -0.18422117D+04    0.0017693    0.0000010  EM
            119 -0.18422100D+04    0.0017340    0.0000009  EM
            120 -0.18422083D+04    0.0016999    0.0000009  EM
            121 -0.18422066D+04    0.0016667    0.0000009  EM
            122 -0.18422050D+04    0.0016343    0.0000009  EM
            123 -0.18422034D+04    0.0016032    0.0000009  EM
            124 -0.18422018D+04    0.0015723    0.0000009  EM
            125 -0.18422003D+04    0.0015426    0.0000008  EM
            126 -0.18421988D+04    0.0015137    0.0000008  EM
            127 -0.18421973D+04    0.0014854    0.0000008  EM
            128 -0.18421958D+04    0.0014580    0.0000008  EM
            129 -0.18421944D+04    0.0014311    0.0000008  EM
            130 -0.18421930D+04    0.0014052    0.0000008  EM
            131 -0.18421916D+04    0.0013797    0.0000007  EM
            132 -0.18421902D+04    0.0013550    0.0000007  EM
            133 -0.18421889D+04    0.0013308    0.0000007  EM
            134 -0.18421876D+04    0.0013072    0.0000007  EM
            135 -0.18421863D+04    0.0012841    0.0000007  EM
            136 -0.18421851D+04    0.0012618    0.0000007  EM
            137 -0.18421838D+04    0.0012400    0.0000007  EM
            138 -0.18421826D+04    0.0012185    0.0000007  EM
            139 -0.18421814D+04    0.0011978    0.0000007  EM
            140 -0.18421802D+04    0.0011779    0.0000006  EM
            141 -0.18421791D+04    0.0011578    0.0000006  EM
            142 -0.18421779D+04    0.0011382    0.0000006  EM
            143 -0.18421768D+04    0.0011198    0.0000006  EM
            144 -0.18421757D+04    0.0011007    0.0000006  EM
            145 -0.18421746D+04    0.0010829    0.0000006  EM
            146 -0.18421736D+04    0.0010652    0.0000006  EM
            147 -0.18421725D+04    0.0010480    0.0000006  EM
            148 -0.18421715D+04    0.0010312    0.0000006  EM
            149 -0.18421705D+04    0.0010148    0.0000006  EM
            150 -0.18421695D+04    0.0009986    0.0000005  EM


     Beginning Time:  16:40:42
        Ending Time:  16:42:34
       Elapsed Time:  00:01:52



MUTHEN & MUTHEN
3463 Stoner Ave.
Los Angeles, CA  90066

Tel: (310) 391-9971
Fax: (310) 391-8971
Web: www.StatModel.com
Support: Support@StatModel.com

Copyright (c) 1998-2015 Muthen & Muthen
