Mplus VERSION 7.4
MUTHEN & MUTHEN
11/18/2019  12:04 PM

INPUT INSTRUCTIONS

  TITLE:
    Tree Model
    mplus-tree-boeck-01
    #Parameters:  N = 18182; J = 3; K = 5; P = 3; S = 3;
    Items:        v45 v46 v47
    pseudoitem1:  - 0 1 0 -
    pseudoitem2:  1 0 0 0 1
    pseudoitem3:  0 0 - 1 1
  DATA:
  FILE = "mplus-tree-mcn-01.txt";

  VARIABLE:
   NAMES = m_v45 m_v46 m_v47 e_v45 e_v46 e_v47 t_v45 t_v46 t_v47 rowid v45 v46 v47
           country;
   IDVARIABLE = rowid;
   MISSING=.;
   CATEGORICAL = v45 v46 v47;

   USEVARIABLES = v45 v46 v47;

   !CLASSES ctry (11);
   !KNOWNCLASS = ctry (country = 1 country = 5 country = 7 country = 15 country = 20
   !                   country = 21 country = 22 country = 23 country = 29
   !                   country = 35 country = 37);

   USEOBSERVATIONS = country == 37 AND rowid NE 47774 AND rowid NE 47775;

  ANALYSIS:
   !TYPE = MIXTURE;
   ALGORITHM = INTEGRATION EM;
   STARTS = 10 4;
   PROCESSORS = 2;
   ESTIMATOR = MLR;
   INTEGRATION = 15;
   MITERATIONS = 1000;
   !MCONVERGENCE = .01;
   !LOGCRITERION = .01;
   !RLOGCRITERION = .00001;
   LINK = probit;

  MODEL:

    t BY v45@1 v46@1 v47@1;

  OUTPUT:
  STDYX TECH1 TECH4 TECH8;
  SAVEDATA:
  FILE = mplus-grm-11.fsc;
  SAVE = FSCORES;



INPUT READING TERMINATED NORMALLY




Tree Model
mplus-tree-boeck-01
#Parameters:  N = 18182; J = 3; K = 5; P = 3; S = 3;
Items:        v45 v46 v47
pseudoitem1:  - 0 1 0 -
pseudoitem2:  1 0 0 0 1
pseudoitem3:  0 0 - 1 1

SUMMARY OF ANALYSIS

Number of groups                                                 1
Number of observations                                         380

Number of dependent variables                                    3
Number of independent variables                                  0
Number of continuous latent variables                            1

Observed dependent variables

  Binary and ordered categorical (ordinal)
   V45         V46         V47

Continuous latent variables
   T

Variables with special functions

  ID variable           ROWID

Estimator                                                      MLR
Information matrix                                        OBSERVED
Optimization Specifications for the Quasi-Newton Algorithm for
Continuous Outcomes
  Maximum number of iterations                                 100
  Convergence criterion                                  0.100D-05
Optimization Specifications for the EM Algorithm
  Maximum number of iterations                                1000
  Convergence criteria
    Loglikelihood change                                 0.100D-02
    Relative loglikelihood change                        0.100D-05
    Derivative                                           0.100D-02
Optimization Specifications for the M step of the EM Algorithm for
Categorical Latent variables
  Number of M step iterations                                    1
  M step convergence criterion                           0.100D-02
  Basis for M step termination                           ITERATION
Optimization Specifications for the M step of the EM Algorithm for
Censored, Binary or Ordered Categorical (Ordinal), Unordered
Categorical (Nominal) and Count Outcomes
  Number of M step iterations                                    1
  M step convergence criterion                           0.100D-02
  Basis for M step termination                           ITERATION
  Maximum value for logit thresholds                            10
  Minimum value for logit thresholds                           -10
  Minimum expected cell size for chi-square              0.100D-01
Maximum number of iterations for H1                           2000
Convergence criterion for H1                             0.100D-03
Optimization algorithm                                          EM
Integration Specifications
  Type                                                    STANDARD
  Number of integration points                                  15
  Dimensions of numerical integration                            1
  Adaptive quadrature                                           ON
Random Starts Specifications
  Number of initial stage random starts                         10
  Number of final stage optimizations                            4
  Number of initial stage iterations                            10
  Initial stage convergence criterion                    0.100D+01
  Random starts scale                                    0.500D+01
  Random seed for generating random starts                       0
Link                                                        PROBIT
Cholesky                                                        ON

Input data file(s)
  mplus-tree-mcn-01.txt
Input data format  FREE


SUMMARY OF DATA

     Number of missing data patterns             1
     Number of y missing data patterns           0
     Number of u missing data patterns           1


COVARIANCE COVERAGE OF DATA

Minimum covariance coverage value   0.100


UNIVARIATE PROPORTIONS AND COUNTS FOR CATEGORICAL VARIABLES

    V45
      Category 1    0.113           43.000
      Category 2    0.055           21.000
      Category 3    0.053           20.000
      Category 4    0.208           79.000
      Category 5    0.571          217.000
    V46
      Category 1    0.058           22.000
      Category 2    0.039           15.000
      Category 3    0.042           16.000
      Category 4    0.208           79.000
      Category 5    0.653          248.000
    V47
      Category 1    0.374          142.000
      Category 2    0.116           44.000
      Category 3    0.061           23.000
      Category 4    0.095           36.000
      Category 5    0.355          135.000


RANDOM STARTS RESULTS RANKED FROM THE BEST TO THE WORST LOGLIKELIHOOD VALUES

Final stage loglikelihood values at local maxima, seeds, and initial stage start numbers:

           -1330.912  127215           9
           -1330.912  462953           7
           -1330.912  608496           4
           -1330.912  253358           2



THE MODEL ESTIMATION TERMINATED NORMALLY



MODEL FIT INFORMATION

Number of Free Parameters                       13

Loglikelihood

          H0 Value                       -1330.912
          H0 Scaling Correction Factor      1.0206
            for MLR

Information Criteria

          Akaike (AIC)                    2687.824
          Bayesian (BIC)                  2739.046
          Sample-Size Adjusted BIC        2697.800
            (n* = (n + 2) / 24)

Chi-Square Test of Model Fit for the Binary and Ordered Categorical
(Ordinal) Outcomes

          Pearson Chi-Square

          Value                            434.326
          Degrees of Freedom                   111
          P-Value                           0.0000

          Likelihood Ratio Chi-Square

          Value                            301.189
          Degrees of Freedom                   111
          P-Value                           0.0000



MODEL RESULTS

                                                    Two-Tailed
                    Estimate       S.E.  Est./S.E.    P-Value

 T        BY
    V45                1.000      0.000    999.000    999.000
    V46                1.000      0.000    999.000    999.000
    V47                1.000      0.000    999.000    999.000

 Thresholds
    V45$1             -1.575      0.118    -13.381      0.000
    V45$2             -1.257      0.106    -11.844      0.000
    V45$3             -1.011      0.097    -10.375      0.000
    V45$4             -0.239      0.084     -2.831      0.005
    V46$1             -2.024      0.151    -13.437      0.000
    V46$2             -1.686      0.126    -13.381      0.000
    V46$3             -1.417      0.112    -12.629      0.000
    V46$4             -0.521      0.087     -6.019      0.000
    V47$1             -0.421      0.086     -4.914      0.000
    V47$2             -0.068      0.082     -0.834      0.404
    V47$3              0.121      0.081      1.487      0.137
    V47$4              0.439      0.083      5.320      0.000

 Variances
    T                  0.662      0.132      5.019      0.000


STANDARDIZED MODEL RESULTS


STDYX Standardization

                                                    Two-Tailed
                    Estimate       S.E.  Est./S.E.    P-Value

 T        BY
    V45                0.631      0.038     16.686      0.000
    V46                0.631      0.038     16.686      0.000
    V47                0.631      0.038     16.686      0.000

 Thresholds
    V45$1             -1.222      0.085    -14.405      0.000
    V45$2             -0.975      0.077    -12.679      0.000
    V45$3             -0.784      0.072    -10.901      0.000
    V45$4             -0.185      0.065     -2.852      0.004
    V46$1             -1.570      0.102    -15.351      0.000
    V46$2             -1.308      0.088    -14.928      0.000
    V46$3             -1.099      0.079    -13.823      0.000
    V46$4             -0.404      0.066     -6.128      0.000
    V47$1             -0.326      0.064     -5.085      0.000
    V47$2             -0.053      0.063     -0.839      0.402
    V47$3              0.094      0.064      1.476      0.140
    V47$4              0.341      0.065      5.204      0.000

 Variances
    T                  1.000      0.000    999.000    999.000


R-SQUARE

    Observed                                        Two-Tailed
    Variable        Estimate       S.E.  Est./S.E.    P-Value

    V45                0.398      0.048      8.343      0.000
    V46                0.398      0.048      8.343      0.000
    V47                0.398      0.048      8.343      0.000


QUALITY OF NUMERICAL RESULTS

     Condition Number for the Information Matrix              0.107E-01
       (ratio of smallest to largest eigenvalue)


TECHNICAL 1 OUTPUT


     PARAMETER SPECIFICATION


           TAU
              V45$1         V45$2         V45$3         V45$4         V46$1
              ________      ________      ________      ________      ________
 1                  2             3             4             5             6


           TAU
              V46$2         V46$3         V46$4         V47$1         V47$2
              ________      ________      ________      ________      ________
 1                  7             8             9            10            11


           TAU
              V47$3         V47$4
              ________      ________
 1                 12            13


           NU
              V45           V46           V47
              ________      ________      ________
 1                  0             0             0


           LAMBDA
              T
              ________
 V45                0
 V46                0
 V47                0


           THETA
              V45           V46           V47
              ________      ________      ________
 V45                0
 V46                0             0
 V47                0             0             0


           ALPHA
              T
              ________
 1                  0


           BETA
              T
              ________
 T                  0


           PSI
              T
              ________
 T                  1


     STARTING VALUES


           TAU
              V45$1         V45$2         V45$3         V45$4         V46$1
              ________      ________      ________      ________      ________
 1             -1.144        -0.887        -0.700        -0.159        -1.550


           TAU
              V46$2         V46$3         V46$4         V47$1         V47$2
              ________      ________      ________      ________      ________
 1             -1.237        -1.011        -0.350        -0.287        -0.023


           TAU
              V47$3         V47$4
              ________      ________
 1              0.111         0.331


           NU
              V45           V46           V47
              ________      ________      ________
 1              0.000         0.000         0.000


           LAMBDA
              T
              ________
 V45            1.000
 V46            1.000
 V47            1.000


           THETA
              V45           V46           V47
              ________      ________      ________
 V45            1.000
 V46            0.000         1.000
 V47            0.000         0.000         1.000


           ALPHA
              T
              ________
 1              0.000


           BETA
              T
              ________
 T              0.000


           PSI
              T
              ________
 T              0.050


TECHNICAL 4 OUTPUT


     ESTIMATES DERIVED FROM THE MODEL


           ESTIMATED MEANS FOR THE LATENT VARIABLES
              T
              ________
 1              0.000


           S.E. FOR ESTIMATED MEANS FOR THE LATENT VARIABLES
              T
              ________
 1              0.000


           EST./S.E. FOR ESTIMATED MEANS FOR THE LATENT VARIABLES
              T
              ________
 1              0.000


           TWO-TAILED P-VALUE FOR ESTIMATED MEANS FOR THE LATENT VARIABLES
              T
              ________
 1              1.000


           ESTIMATED COVARIANCE MATRIX FOR THE LATENT VARIABLES
              T
              ________
 T              0.662


           S.E. FOR ESTIMATED COVARIANCE MATRIX FOR THE LATENT VARIABLES
              T
              ________
 T              0.132


           EST./S.E. FOR ESTIMATED COVARIANCE MATRIX FOR THE LATENT VARIABLES
              T
              ________
 T              5.019


           TWO-TAILED P-VALUE FOR ESTIMATED COVARIANCE MATRIX FOR THE LATENT VARIABLES
              T
              ________
 T              0.000


           ESTIMATED CORRELATION MATRIX FOR THE LATENT VARIABLES
              T
              ________
 T              1.000


           S.E. FOR ESTIMATED CORRELATION MATRIX FOR THE LATENT VARIABLES
              T
              ________
 T              0.000


           EST./S.E. FOR ESTIMATED CORRELATION MATRIX FOR THE LATENT VARIABLES
              T
              ________
 T            999.000


           TWO-TAILED P-VALUE FOR ESTIMATED CORRELATION MATRIX FOR THE LATENT VARIABLES
              T
              ________
 T              0.000


TECHNICAL 8 OUTPUT


  INITIAL STAGE ITERATIONS


  TECHNICAL 8 OUTPUT FOR UNPERTURBED STARTING VALUE SET


   E STEP  ITER  LOGLIKELIHOOD    ABS CHANGE   REL CHANGE  ALGORITHM
              1 -0.13675004D+04    0.0000000    0.0000000  EM
              2 -0.13564420D+04   11.0583610    0.0080866  EM
              3 -0.13470647D+04    9.3773736    0.0069132  EM
              4 -0.13396213D+04    7.4433378    0.0055256  EM
              5 -0.13351039D+04    4.5174038    0.0033721  EM
              6 -0.13327956D+04    2.3083312    0.0017290  EM
              7 -0.13317258D+04    1.0698194    0.0008027  EM
              8 -0.13312558D+04    0.4700196    0.0003529  EM


  TECHNICAL 8 OUTPUT FOR STARTING VALUE SET 1


   E STEP  ITER  LOGLIKELIHOOD    ABS CHANGE   REL CHANGE  ALGORITHM
              1 -0.18481533D+04    0.0000000    0.0000000  EM
              2 -0.14904343D+04  357.7190571    0.1935549  EM
              3 -0.13996008D+04   90.8335011    0.0609443  EM
              4 -0.13541624D+04   45.4383108    0.0324652  EM
              5 -0.13372540D+04   16.9084039    0.0124862  EM
              6 -0.13322386D+04    5.0154019    0.0037505  EM
              7 -0.13311548D+04    1.0837896    0.0008135  EM
              8 -0.13309923D+04    0.1625768    0.0001221  EM


  TECHNICAL 8 OUTPUT FOR STARTING VALUE SET 2


   E STEP  ITER  LOGLIKELIHOOD    ABS CHANGE   REL CHANGE  ALGORITHM
              1 -0.21867804D+04    0.0000000    0.0000000  EM
              2 -0.14256462D+04  761.1341218    0.3480615  EM
              3 -0.13769353D+04   48.7109073    0.0341676  EM
              4 -0.13578685D+04   19.0668311    0.0138473  EM
              5 -0.13466824D+04   11.1860821    0.0082380  EM
              6 -0.13385617D+04    8.1207613    0.0060302  EM
              7 -0.13334390D+04    5.1226808    0.0038270  EM
              8 -0.13313141D+04    2.1248756    0.0015935  EM
              9 -0.13309357D+04    0.3784275    0.0002843  EM


  TECHNICAL 8 OUTPUT FOR STARTING VALUE SET 3


   E STEP  ITER  LOGLIKELIHOOD    ABS CHANGE   REL CHANGE  ALGORITHM
              1 -0.16443722D+04    0.0000000    0.0000000  EM
              2 -0.13788802D+04  265.4920252    0.1614549  EM
              3 -0.13432242D+04   35.6559828    0.0258587  EM
              4 -0.13336037D+04    9.6204652    0.0071622  EM
              5 -0.13315767D+04    2.0270361    0.0015200  EM
              6 -0.13311432D+04    0.4334814    0.0003255  EM


  TECHNICAL 8 OUTPUT FOR STARTING VALUE SET 4


   E STEP  ITER  LOGLIKELIHOOD    ABS CHANGE   REL CHANGE  ALGORITHM
              1 -0.18816150D+04    0.0000000    0.0000000  EM
              2 -0.15546072D+04  327.0078536    0.1737911  EM
              3 -0.14953766D+04   59.2306063    0.0381000  EM
              4 -0.14256105D+04   69.7660380    0.0466545  EM
              5 -0.13779039D+04   47.7066384    0.0334640  EM
              6 -0.13493354D+04   28.5684608    0.0207333  EM
              7 -0.13357531D+04   13.5822883    0.0100659  EM
              8 -0.13315032D+04    4.2499580    0.0031817  EM
              9 -0.13309561D+04    0.5470292    0.0004108  EM


  TECHNICAL 8 OUTPUT FOR STARTING VALUE SET 5


   E STEP  ITER  LOGLIKELIHOOD    ABS CHANGE   REL CHANGE  ALGORITHM
              1 -0.30365632D+04    0.0000000    0.0000000  EM
              2 -0.16436052D+04 1392.9580139    0.4587285  EM
              3 -0.14954786D+04  148.1265748    0.0901230  EM
              4 -0.14269046D+04   68.5740530    0.0458543  EM
              5 -0.13815702D+04   45.3344076    0.0317712  EM
              6 -0.13524414D+04   29.1288080    0.0210838  EM
              7 -0.13382336D+04   14.2077342    0.0105052  EM
              8 -0.13336169D+04    4.6167519    0.0034499  EM
              9 -0.13320640D+04    1.5528641    0.0011644  EM
             10 -0.13314018D+04    0.6622223    0.0004971  EM


  FINAL STAGE ITERATIONS


  TECHNICAL 8 OUTPUT FOR STARTING VALUE SET 2




   E STEP  ITER  LOGLIKELIHOOD    ABS CHANGE   REL CHANGE  ALGORITHM
              1 -0.21867804D+04    0.0000000    0.0000000  EM
              2 -0.14256462D+04  761.1341218    0.3480615  EM
              3 -0.13769353D+04   48.7109073    0.0341676  EM
              4 -0.13578685D+04   19.0668311    0.0138473  EM
              5 -0.13466824D+04   11.1860821    0.0082380  EM
              6 -0.13385617D+04    8.1207613    0.0060302  EM
              7 -0.13334390D+04    5.1226808    0.0038270  EM
              8 -0.13313141D+04    2.1248756    0.0015935  EM
              9 -0.13309357D+04    0.3784275    0.0002843  EM
             10 -0.13309159D+04    0.0198095    0.0000149  EM
             11 -0.13309132D+04    0.0026767    0.0000020  EM
             12 -0.13309122D+04    0.0009383    0.0000007  EM


  TECHNICAL 8 OUTPUT FOR STARTING VALUE SET 4




   E STEP  ITER  LOGLIKELIHOOD    ABS CHANGE   REL CHANGE  ALGORITHM
              1 -0.18816150D+04    0.0000000    0.0000000  EM
              2 -0.15546072D+04  327.0078536    0.1737911  EM
              3 -0.14953766D+04   59.2306063    0.0381000  EM
              4 -0.14256105D+04   69.7660380    0.0466545  EM
              5 -0.13779039D+04   47.7066384    0.0334640  EM
              6 -0.13493354D+04   28.5684608    0.0207333  EM
              7 -0.13357531D+04   13.5822883    0.0100659  EM
              8 -0.13315032D+04    4.2499580    0.0031817  EM
              9 -0.13309561D+04    0.5470292    0.0004108  EM
             10 -0.13309237D+04    0.0324328    0.0000244  EM
             11 -0.13309158D+04    0.0079400    0.0000060  EM
             12 -0.13309131D+04    0.0026756    0.0000020  EM
             13 -0.13309122D+04    0.0009091    0.0000007  EM


SAMPLE STATISTICS FOR ESTIMATED FACTOR SCORES


     SAMPLE STATISTICS


           Means
              T             T_SE
              ________      ________
 1              0.000         0.544


           Covariances
              T             T_SE
              ________      ________
 T              0.365
 T_SE           0.022         0.002


           Correlations
              T             T_SE
              ________      ________
 T              1.000
 T_SE           0.767         1.000


SAVEDATA INFORMATION


  Save file
    mplus-grm-11.fsc

  Order and format of variables

    V45            F10.3
    V46            F10.3
    V47            F10.3
    ROWID          I6
    T              F10.3
    T_SE           F10.3

  Save file format
    3F10.3 I6 2F10.3

  Save file record length    10000


     Beginning Time:  12:04:09
        Ending Time:  12:04:10
       Elapsed Time:  00:00:01



MUTHEN & MUTHEN
3463 Stoner Ave.
Los Angeles, CA  90066

Tel: (310) 391-9971
Fax: (310) 391-8971
Web: www.StatModel.com
Support: Support@StatModel.com

Copyright (c) 1998-2015 Muthen & Muthen
