Mplus VERSION 7.4
MUTHEN & MUTHEN
02/07/2019   4:36 PM

INPUT INSTRUCTIONS

  TITLE:
    SLOVENIA
    Tree Model
    mplus-tree-mcn-21
    #Parameters:  N = 18182; J = 3; K = 5; P = 3; S = 3;
    Items:        v45 v46 v47
    pseudoitem1:  - 0 1 0 -
    pseudoitem2:  1 0 0 0 1
    pseudoitem3:  0 0 - 1 1
  DATA:
  FILE = "mplus-tree-mcn-01.txt";

  VARIABLE:
   NAMES = m_v45 m_v46 m_v47 e_v45 e_v46 e_v47 t_v45 t_v46 t_v47 rowid v45 v46 v47
           country;
   IDVARIABLE = rowid;
   MISSING=.;
   CATEGORICAL = v45 v46 v47;

   USEVARIABLES = v45 v46 v47;

   !CLASSES ctry (11);
   !KNOWNCLASS = ctry (country = 1 country = 5 country = 7 country = 15 country = 20
   !                   country = 21 country = 22 country = 23 country = 29
   !                   country = 35 country = 37);

   USEOBSERVATIONS = country == 29;

  ANALYSIS:
   !TYPE = MIXTURE;
   ALGORITHM = INTEGRATION EM;
   STARTS = 10 4;
   PROCESSORS = 2;
   ESTIMATOR = MLR;
   INTEGRATION = 15;
   MITERATIONS = 1000;
   !MCONVERGENCE = .01;
   !LOGCRITERION = .01;
   !RLOGCRITERION = .00001;
   LINK = probit;

  MODEL:
    t BY v45@1 v46@1 v47@1;

  OUTPUT:
  STDYX TECH1 TECH4 TECH8;
  !SAVEDATA:
  !FILE = mplus-tree-mcn-21.fsc;
  !SAVE = FSCORES;



INPUT READING TERMINATED NORMALLY




SLOVENIA
Tree Model
mplus-tree-mcn-21
#Parameters:  N = 18182; J = 3; K = 5; P = 3; S = 3;
Items:        v45 v46 v47
pseudoitem1:  - 0 1 0 -
pseudoitem2:  1 0 0 0 1
pseudoitem3:  0 0 - 1 1

SUMMARY OF ANALYSIS

Number of groups                                                 1
Number of observations                                         463

Number of dependent variables                                    3
Number of independent variables                                  0
Number of continuous latent variables                            1

Observed dependent variables

  Binary and ordered categorical (ordinal)
   V45         V46         V47

Continuous latent variables
   T

Variables with special functions

  ID variable           ROWID

Estimator                                                      MLR
Information matrix                                        OBSERVED
Optimization Specifications for the Quasi-Newton Algorithm for
Continuous Outcomes
  Maximum number of iterations                                 100
  Convergence criterion                                  0.100D-05
Optimization Specifications for the EM Algorithm
  Maximum number of iterations                                1000
  Convergence criteria
    Loglikelihood change                                 0.100D-02
    Relative loglikelihood change                        0.100D-05
    Derivative                                           0.100D-02
Optimization Specifications for the M step of the EM Algorithm for
Categorical Latent variables
  Number of M step iterations                                    1
  M step convergence criterion                           0.100D-02
  Basis for M step termination                           ITERATION
Optimization Specifications for the M step of the EM Algorithm for
Censored, Binary or Ordered Categorical (Ordinal), Unordered
Categorical (Nominal) and Count Outcomes
  Number of M step iterations                                    1
  M step convergence criterion                           0.100D-02
  Basis for M step termination                           ITERATION
  Maximum value for logit thresholds                            10
  Minimum value for logit thresholds                           -10
  Minimum expected cell size for chi-square              0.100D-01
Maximum number of iterations for H1                           2000
Convergence criterion for H1                             0.100D-03
Optimization algorithm                                          EM
Integration Specifications
  Type                                                    STANDARD
  Number of integration points                                  15
  Dimensions of numerical integration                            1
  Adaptive quadrature                                           ON
Random Starts Specifications
  Number of initial stage random starts                         10
  Number of final stage optimizations                            4
  Number of initial stage iterations                            10
  Initial stage convergence criterion                    0.100D+01
  Random starts scale                                    0.500D+01
  Random seed for generating random starts                       0
Link                                                        PROBIT
Cholesky                                                        ON

Input data file(s)
  mplus-tree-mcn-01.txt
Input data format  FREE


SUMMARY OF DATA

     Number of missing data patterns             1
     Number of y missing data patterns           0
     Number of u missing data patterns           1


COVARIANCE COVERAGE OF DATA

Minimum covariance coverage value   0.100


UNIVARIATE PROPORTIONS AND COUNTS FOR CATEGORICAL VARIABLES

    V45
      Category 1    0.050           23.000
      Category 2    0.104           48.000
      Category 3    0.285          132.000
      Category 4    0.438          203.000
      Category 5    0.123           57.000
    V46
      Category 1    0.011            5.000
      Category 2    0.054           25.000
      Category 3    0.201           93.000
      Category 4    0.492          228.000
      Category 5    0.242          112.000
    V47
      Category 1    0.186           86.000
      Category 2    0.276          128.000
      Category 3    0.255          118.000
      Category 4    0.162           75.000
      Category 5    0.121           56.000


RANDOM STARTS RESULTS RANKED FROM THE BEST TO THE WORST LOGLIKELIHOOD VALUES

Final stage loglikelihood values at local maxima, seeds, and initial stage start numbers:

           -1786.548  903420           5
           -1786.548  127215           9
           -1786.548  608496           4
           -1786.548  195873           6



THE MODEL ESTIMATION TERMINATED NORMALLY



MODEL FIT INFORMATION

Number of Free Parameters                       13

Loglikelihood

          H0 Value                       -1786.548
          H0 Scaling Correction Factor      1.0188
            for MLR

Information Criteria

          Akaike (AIC)                    3599.096
          Bayesian (BIC)                  3652.886
          Sample-Size Adjusted BIC        3611.627
            (n* = (n + 2) / 24)

Chi-Square Test of Model Fit for the Binary and Ordered Categorical
(Ordinal) Outcomes

          Pearson Chi-Square

          Value                            209.948
          Degrees of Freedom                   111
          P-Value                           0.0000

          Likelihood Ratio Chi-Square

          Value                            149.180
          Degrees of Freedom                   111
          P-Value                           0.0091



MODEL RESULTS

                                                    Two-Tailed
                    Estimate       S.E.  Est./S.E.    P-Value

 T        BY
    V45                1.000      0.000    999.000    999.000
    V46                1.000      0.000    999.000    999.000
    V47                1.000      0.000    999.000    999.000

 Thresholds
    V45$1             -2.296      0.156    -14.716      0.000
    V45$2             -1.444      0.108    -13.363      0.000
    V45$3             -0.237      0.083     -2.841      0.004
    V45$4              1.656      0.110     15.114      0.000
    V46$1             -3.426      0.233    -14.683      0.000
    V46$2             -2.223      0.128    -17.419      0.000
    V46$3             -0.896      0.089    -10.063      0.000
    V46$4              1.009      0.096     10.557      0.000
    V47$1             -1.266      0.099    -12.825      0.000
    V47$2             -0.123      0.083     -1.488      0.137
    V47$3              0.810      0.090      9.049      0.000
    V47$4              1.662      0.112     14.822      0.000

 Variances
    T                  1.071      0.143      7.476      0.000


STANDARDIZED MODEL RESULTS


STDYX Standardization

                                                    Two-Tailed
                    Estimate       S.E.  Est./S.E.    P-Value

 T        BY
    V45                0.719      0.023     30.961      0.000
    V46                0.719      0.023     30.961      0.000
    V47                0.719      0.023     30.961      0.000

 Thresholds
    V45$1             -1.596      0.097    -16.533      0.000
    V45$2             -1.003      0.069    -14.540      0.000
    V45$3             -0.164      0.057     -2.861      0.004
    V45$4              1.151      0.076     15.209      0.000
    V46$1             -2.381      0.167    -14.272      0.000
    V46$2             -1.545      0.092    -16.753      0.000
    V46$3             -0.623      0.063     -9.847      0.000
    V46$4              0.701      0.064     11.008      0.000
    V47$1             -0.880      0.068    -12.971      0.000
    V47$2             -0.086      0.058     -1.486      0.137
    V47$3              0.563      0.061      9.223      0.000
    V47$4              1.155      0.074     15.550      0.000

 Variances
    T                  1.000      0.000    999.000    999.000


R-SQUARE

    Observed                                        Two-Tailed
    Variable        Estimate       S.E.  Est./S.E.    P-Value

    V45                0.517      0.033     15.480      0.000
    V46                0.517      0.033     15.480      0.000
    V47                0.517      0.033     15.480      0.000


QUALITY OF NUMERICAL RESULTS

     Condition Number for the Information Matrix              0.214E-01
       (ratio of smallest to largest eigenvalue)


TECHNICAL 1 OUTPUT


     PARAMETER SPECIFICATION


           TAU
              V45$1         V45$2         V45$3         V45$4         V46$1
              ________      ________      ________      ________      ________
 1                  2             3             4             5             6


           TAU
              V46$2         V46$3         V46$4         V47$1         V47$2
              ________      ________      ________      ________      ________
 1                  7             8             9            10            11


           TAU
              V47$3         V47$4
              ________      ________
 1                 12            13


           NU
              V45           V46           V47
              ________      ________      ________
 1                  0             0             0


           LAMBDA
              T
              ________
 V45                0
 V46                0
 V47                0


           THETA
              V45           V46           V47
              ________      ________      ________
 V45                0
 V46                0             0
 V47                0             0             0


           ALPHA
              T
              ________
 1                  0


           BETA
              T
              ________
 T                  0


           PSI
              T
              ________
 T                  1


     STARTING VALUES


           TAU
              V45$1         V45$2         V45$3         V45$4         V46$1
              ________      ________      ________      ________      ________
 1             -1.640        -0.949        -0.137         1.091        -2.510


           TAU
              V46$2         V46$3         V46$4         V47$1         V47$2
              ________      ________      ________      ________      ________
 1             -1.483        -0.565         0.635        -0.821        -0.084


           TAU
              V47$3         V47$4
              ________      ________
 1              0.517         1.102


           NU
              V45           V46           V47
              ________      ________      ________
 1              0.000         0.000         0.000


           LAMBDA
              T
              ________
 V45            1.000
 V46            1.000
 V47            1.000


           THETA
              V45           V46           V47
              ________      ________      ________
 V45            1.000
 V46            0.000         1.000
 V47            0.000         0.000         1.000


           ALPHA
              T
              ________
 1              0.000


           BETA
              T
              ________
 T              0.000


           PSI
              T
              ________
 T              0.050


TECHNICAL 4 OUTPUT


     ESTIMATES DERIVED FROM THE MODEL


           ESTIMATED MEANS FOR THE LATENT VARIABLES
              T
              ________
 1              0.000


           S.E. FOR ESTIMATED MEANS FOR THE LATENT VARIABLES
              T
              ________
 1              0.000


           EST./S.E. FOR ESTIMATED MEANS FOR THE LATENT VARIABLES
              T
              ________
 1              0.000


           TWO-TAILED P-VALUE FOR ESTIMATED MEANS FOR THE LATENT VARIABLES
              T
              ________
 1              1.000


           ESTIMATED COVARIANCE MATRIX FOR THE LATENT VARIABLES
              T
              ________
 T              1.071


           S.E. FOR ESTIMATED COVARIANCE MATRIX FOR THE LATENT VARIABLES
              T
              ________
 T              0.143


           EST./S.E. FOR ESTIMATED COVARIANCE MATRIX FOR THE LATENT VARIABLES
              T
              ________
 T              7.476


           TWO-TAILED P-VALUE FOR ESTIMATED COVARIANCE MATRIX FOR THE LATENT VARIABLES
              T
              ________
 T              0.000


           ESTIMATED CORRELATION MATRIX FOR THE LATENT VARIABLES
              T
              ________
 T              1.000


           S.E. FOR ESTIMATED CORRELATION MATRIX FOR THE LATENT VARIABLES
              T
              ________
 T              0.000


           EST./S.E. FOR ESTIMATED CORRELATION MATRIX FOR THE LATENT VARIABLES
              T
              ________
 T            999.000


           TWO-TAILED P-VALUE FOR ESTIMATED CORRELATION MATRIX FOR THE LATENT VARIABLES
              T
              ________
 T              0.000


TECHNICAL 8 OUTPUT


  INITIAL STAGE ITERATIONS


  TECHNICAL 8 OUTPUT FOR UNPERTURBED STARTING VALUE SET


   E STEP  ITER  LOGLIKELIHOOD    ABS CHANGE   REL CHANGE  ALGORITHM
              1 -0.19063443D+04    0.0000000    0.0000000  EM
              2 -0.18670671D+04   39.2771928    0.0206034  EM
              3 -0.18297946D+04   37.2725474    0.0199632  EM
              4 -0.18051810D+04   24.6136071    0.0134516  EM
              5 -0.17937090D+04   11.4719468    0.0063550  EM
              6 -0.17892164D+04    4.4926181    0.0025047  EM
              7 -0.17875504D+04    1.6659664    0.0009311  EM
              8 -0.17869299D+04    0.6205256    0.0003471  EM


  TECHNICAL 8 OUTPUT FOR STARTING VALUE SET 1


   E STEP  ITER  LOGLIKELIHOOD    ABS CHANGE   REL CHANGE  ALGORITHM
              1 -0.38801927D+04    0.0000000    0.0000000  EM
              2 -0.32178020D+04  662.3907923    0.1707108  EM
              3 -0.27895625D+04  428.2394548    0.1330845  EM
              4 -0.25110474D+04  278.5150971    0.0998419  EM
              5 -0.22920998D+04  218.9476446    0.0871938  EM
              6 -0.20992576D+04  192.8421866    0.0841334  EM
              7 -0.19445642D+04  154.6934217    0.0736896  EM
              8 -0.18467784D+04   97.7857773    0.0502867  EM
              9 -0.18034935D+04   43.2848964    0.0234381  EM
             10 -0.17914122D+04   12.0813065    0.0066988  EM


  TECHNICAL 8 OUTPUT FOR STARTING VALUE SET 2


   E STEP  ITER  LOGLIKELIHOOD    ABS CHANGE   REL CHANGE  ALGORITHM
              1 -0.23932508D+04    0.0000000    0.0000000  EM
              2 -0.19540356D+04  439.2151931    0.1835224  EM
              3 -0.18354357D+04  118.5998552    0.0606948  EM
              4 -0.18015655D+04   33.8702076    0.0184535  EM
              5 -0.17921767D+04    9.3888836    0.0052115  EM
              6 -0.17888383D+04    3.3383334    0.0018627  EM
              7 -0.17874829D+04    1.3553994    0.0007577  EM
              8 -0.17869266D+04    0.5563244    0.0003112  EM


  TECHNICAL 8 OUTPUT FOR STARTING VALUE SET 3


   E STEP  ITER  LOGLIKELIHOOD    ABS CHANGE   REL CHANGE  ALGORITHM
              1 -0.22421891D+04    0.0000000    0.0000000  EM
              2 -0.19371805D+04  305.0086453    0.1360316  EM
              3 -0.18294278D+04  107.7526343    0.0556234  EM
              4 -0.17956558D+04   33.7720479    0.0184604  EM
              5 -0.17887603D+04    6.8954583    0.0038401  EM
              6 -0.17872949D+04    1.4654260    0.0008192  EM
              7 -0.17868275D+04    0.4674498    0.0002615  EM


  TECHNICAL 8 OUTPUT FOR STARTING VALUE SET 4


   E STEP  ITER  LOGLIKELIHOOD    ABS CHANGE   REL CHANGE  ALGORITHM
              1 -0.30337628D+04    0.0000000    0.0000000  EM
              2 -0.23230976D+04  710.6652379    0.2342521  EM
              3 -0.19932680D+04  329.8295948    0.1419784  EM
              4 -0.18754805D+04  117.7875116    0.0590927  EM
              5 -0.18281723D+04   47.3081625    0.0252246  EM
              6 -0.18017760D+04   26.3962603    0.0144386  EM
              7 -0.17896328D+04   12.1432643    0.0067396  EM
              8 -0.17868117D+04    2.8211161    0.0015764  EM
              9 -0.17865837D+04    0.2280001    0.0001276  EM


  TECHNICAL 8 OUTPUT FOR STARTING VALUE SET 5


   E STEP  ITER  LOGLIKELIHOOD    ABS CHANGE   REL CHANGE  ALGORITHM
              1 -0.27569210D+04    0.0000000    0.0000000  EM
              2 -0.20202928D+04  736.6282085    0.2671924  EM
              3 -0.18757426D+04  144.5501973    0.0715491  EM
              4 -0.18210205D+04   54.7221396    0.0291736  EM
              5 -0.17991857D+04   21.8348132    0.0119904  EM
              6 -0.17911489D+04    8.0367542    0.0044669  EM
              7 -0.17882496D+04    2.8993028    0.0016187  EM
              8 -0.17871904D+04    1.0591781    0.0005923  EM
              9 -0.17867941D+04    0.3963022    0.0002217  EM


  FINAL STAGE ITERATIONS


  TECHNICAL 8 OUTPUT FOR STARTING VALUE SET 4




   E STEP  ITER  LOGLIKELIHOOD    ABS CHANGE   REL CHANGE  ALGORITHM
              1 -0.30337628D+04    0.0000000    0.0000000  EM
              2 -0.23230976D+04  710.6652379    0.2342521  EM
              3 -0.19932680D+04  329.8295948    0.1419784  EM
              4 -0.18754805D+04  117.7875116    0.0590927  EM
              5 -0.18281723D+04   47.3081625    0.0252246  EM
              6 -0.18017760D+04   26.3962603    0.0144386  EM
              7 -0.17896328D+04   12.1432643    0.0067396  EM
              8 -0.17868117D+04    2.8211161    0.0015764  EM
              9 -0.17865837D+04    0.2280001    0.0001276  EM
             10 -0.17865639D+04    0.0197535    0.0000111  EM
             11 -0.17865559D+04    0.0079799    0.0000045  EM
             12 -0.17865518D+04    0.0040764    0.0000023  EM
             13 -0.17865497D+04    0.0021162    0.0000012  EM
             14 -0.17865486D+04    0.0011002    0.0000006  EM
             15 -0.17865481D+04    0.0005720    0.0000003  EM


  TECHNICAL 8 OUTPUT FOR STARTING VALUE SET 5




   E STEP  ITER  LOGLIKELIHOOD    ABS CHANGE   REL CHANGE  ALGORITHM
              1 -0.27569210D+04    0.0000000    0.0000000  EM
              2 -0.20202928D+04  736.6282085    0.2671924  EM
              3 -0.18757426D+04  144.5501973    0.0715491  EM
              4 -0.18210205D+04   54.7221396    0.0291736  EM
              5 -0.17991857D+04   21.8348132    0.0119904  EM
              6 -0.17911489D+04    8.0367542    0.0044669  EM
              7 -0.17882496D+04    2.8993028    0.0016187  EM
              8 -0.17871904D+04    1.0591781    0.0005923  EM
              9 -0.17867941D+04    0.3963022    0.0002217  EM
             10 -0.17866430D+04    0.1511482    0.0000846  EM
             11 -0.17865846D+04    0.0583276    0.0000326  EM
             12 -0.17865620D+04    0.0226635    0.0000127  EM
             13 -0.17865531D+04    0.0088441    0.0000050  EM
             14 -0.17865497D+04    0.0034619    0.0000019  EM
             15 -0.17865483D+04    0.0013578    0.0000008  EM
             16 -0.17865478D+04    0.0005339    0.0000003  EM


     Beginning Time:  16:36:10
        Ending Time:  16:36:11
       Elapsed Time:  00:00:01



MUTHEN & MUTHEN
3463 Stoner Ave.
Los Angeles, CA  90066

Tel: (310) 391-9971
Fax: (310) 391-8971
Web: www.StatModel.com
Support: Support@StatModel.com

Copyright (c) 1998-2015 Muthen & Muthen
